<?xml version="1.0" encoding="UTF-8"?>
<!-- Generated by org.testng.reporters.JUnitXMLReporter -->
<testsuite ignored="0" hostname="LAPTOP-E9H80M09" failures="0" tests="1" name="FirefoxTest" time="0.157" errors="0" timestamp="2022-10-12T16:59:25 IST">
  <testcase classname="TestNG.test_flip" name="@BeforeTest openbrowser" time="0.065">
    <failure type="org.openqa.selenium.WebDriverException" message="Cannot find firefox binary in PATH. Make sure firefox is installed. OS appears to be: XP
Build info: version: &amp;apos;3.141.59&amp;apos;, revision: &amp;apos;e82be7d358&amp;apos;, time: &amp;apos;2018-11-14T08:17:03&amp;apos;
System info: host: &amp;apos;LAPTOP-E9H80M09&amp;apos;, ip: &amp;apos;192.168.1.6&amp;apos;, os.name: &amp;apos;Windows 11&amp;apos;, os.arch: &amp;apos;amd64&amp;apos;, os.version: &amp;apos;10.0&amp;apos;, java.version: &amp;apos;18&amp;apos;
Driver info: driver.version: FirefoxDriver">
      <![CDATA[org.openqa.selenium.WebDriverException: Cannot find firefox binary in PATH. Make sure firefox is installed. OS appears to be: XP
Build info: version: '3.141.59', revision: 'e82be7d358', time: '2018-11-14T08:17:03'
System info: host: 'LAPTOP-E9H80M09', ip: '192.168.1.6', os.name: 'Windows 11', os.arch: 'amd64', os.version: '10.0', java.version: '18'
Driver info: driver.version: FirefoxDriver
at org.openqa.selenium.firefox.FirefoxBinary.<init>(FirefoxBinary.java:100)
at java.base/java.util.Optional.orElseGet(Optional.java:364)
at org.openqa.selenium.firefox.FirefoxOptions.getBinary(FirefoxOptions.java:216)
at org.openqa.selenium.firefox.FirefoxDriver.toExecutor(FirefoxDriver.java:187)
at org.openqa.selenium.firefox.FirefoxDriver.<init>(FirefoxDriver.java:147)
at org.openqa.selenium.firefox.FirefoxDriver.<init>(FirefoxDriver.java:125)
at TestNG.test_flip.openbrowser(test_flip.java:48)
... Removed 22 stack frames]]>
    </failure>
  </testcase> <!-- @BeforeTest openbrowser -->
  <testcase classname="TestNG.test_flip" name="@BeforeClass createobjects" time="-1.665574165435E9">
    <skipped/>
  </testcase> <!-- @BeforeClass createobjects -->
  <testcase classname="TestNG.test_flip" name="@BeforeMethod EnterCre" time="-1.665574165459E9">
    <skipped/>
  </testcase> <!-- @BeforeMethod EnterCre -->
  <testcase classname="TestNG.test_flip" name="@AfterMethod out" time="-1.665574165477E9">
    <skipped/>
  </testcase> <!-- @AfterMethod out -->
  <testcase classname="TestNG.test_flip" name="@AfterClass close" time="-1.66557416549E9">
    <skipped/>
  </testcase> <!-- @AfterClass close -->
  <testcase classname="TestNG.test_flip" name="test" time="0.0">
    <skipped/>
  </testcase> <!-- test -->
</testsuite> <!-- FirefoxTest -->
